2020-02-21 00:56:59.833948: W tensorflow/stream_executor/platform/default/dso_loader.cc:55] Could not load dynamic library 'libnvinfer.so.6'; dlerror: libnvinfer.so.6: cannot open shared object file: No such file or directory; LD_LIBRARY_PATH: /cm/shared/apps/slurm/17.11.2/lib64/slurm:/cm/shared/apps/slurm/17.11.2/lib64:/cm/local/apps/gcc/6.1.0/lib:/cm/local/apps/gcc/6.1.0/lib64
2020-02-21 00:56:59.835928: W tensorflow/stream_executor/platform/default/dso_loader.cc:55] Could not load dynamic library 'libnvinfer_plugin.so.6'; dlerror: libnvinfer_plugin.so.6: cannot open shared object file: No such file or directory; LD_LIBRARY_PATH: /cm/shared/apps/slurm/17.11.2/lib64/slurm:/cm/shared/apps/slurm/17.11.2/lib64:/cm/local/apps/gcc/6.1.0/lib:/cm/local/apps/gcc/6.1.0/lib64
2020-02-21 00:56:59.835967: W tensorflow/compiler/tf2tensorrt/utils/py_utils.cc:30] Cannot dlopen some TensorRT libraries. If you would like to use Nvidia GPU with TensorRT, please make sure the missing libraries mentioned above are installed properly.
2020-02-21 01:00:15.434156: W tensorflow/stream_executor/platform/default/dso_loader.cc:55] Could not load dynamic library 'libcuda.so.1'; dlerror: libcuda.so.1: cannot open shared object file: No such file or directory; LD_LIBRARY_PATH: /cm/shared/apps/slurm/17.11.2/lib64/slurm:/cm/shared/apps/slurm/17.11.2/lib64:/cm/local/apps/gcc/6.1.0/lib:/cm/local/apps/gcc/6.1.0/lib64
2020-02-21 01:00:15.435770: E tensorflow/stream_executor/cuda/cuda_driver.cc:351] failed call to cuInit: UNKNOWN ERROR (303)
2020-02-21 01:00:15.435867: I tensorflow/stream_executor/cuda/cuda_diagnostics.cc:156] kernel driver does not appear to be running on this host (node049): /proc/driver/nvidia/version does not exist
2020-02-21 01:00:15.437203: I tensorflow/core/platform/cpu_feature_guard.cc:142] Your CPU supports instructions that this TensorFlow binary was not compiled to use: AVX2 FMA
2020-02-21 01:00:15.845759: I tensorflow/core/platform/profile_utils/cpu_utils.cc:94] CPU Frequency: 2194845000 Hz
2020-02-21 01:00:15.853876: I tensorflow/compiler/xla/service/service.cc:168] XLA service 0x55555cfd1910 initialized for platform Host (this does not guarantee that XLA will be used). Devices:
2020-02-21 01:00:15.853914: I tensorflow/compiler/xla/service/service.cc:176]   StreamExecutor device (0): Host, Default Version
WARNING:tensorflow:From readv_it.py:469: AffineScalar.__init__ (from tensorflow_probability.python.bijectors.affine_scalar) is deprecated and will be removed after 2020-01-01.
Instructions for updating:
`AffineScalar` bijector is deprecated; please use `tfb.Shift(loc)(tfb.Scale(...))` instead.
2020-02-21 01:00:17.014690: W tensorflow/python/util/util.cc:319] Sets are not currently considered sequences, but this may change in the future, so consider avoiding using them.
Traceback (most recent call last):
  File "/rigel/home/rcc2167/.conda/envs/gpflow6_0/lib/python3.6/runpy.py", line 193, in _run_module_as_main
    "__main__", mod_spec)
  File "/rigel/home/rcc2167/.conda/envs/gpflow6_0/lib/python3.6/runpy.py", line 85, in _run_code
    exec(code, run_globals)
  File "/rigel/home/rcc2167/.conda/envs/gpflow6_0/lib/python3.6/site-packages/memory_profiler.py", line 1274, in <module>
    exec_with_profiler(script_filename, prof, args.backend, script_args)
  File "/rigel/home/rcc2167/.conda/envs/gpflow6_0/lib/python3.6/site-packages/memory_profiler.py", line 1175, in exec_with_profiler
    exec(compile(f.read(), filename, 'exec'), ns, ns)
  File "readv_it.py", line 1071, in <module>
    readv()
  File "/rigel/home/rcc2167/.conda/envs/gpflow6_0/lib/python3.6/site-packages/memory_profiler.py", line 1113, in wrapper
    val = prof(func)(*args, **kwargs)
  File "/rigel/home/rcc2167/.conda/envs/gpflow6_0/lib/python3.6/site-packages/memory_profiler.py", line 699, in f
    return func(*args, **kwds)
  File "readv_it.py", line 977, in readv
    A1, var1 = reshape_decomp(k1,
NameError: name 'k1' is not defined
---------------
glac1d_l71C_ump2_lm3 run number 0
number of datapoints =  (337, 8)
model built, time= 1.5925464630126953
model minimized, time= 40.88835167884827
time elapsed =  48.47481560707092
negative log marginal likelihood = -188.12700709925485
